✓ Loaded v11 algorithm
✓ Loaded TSPLIB parser
✓ Loaded OR-Tools
✓ Loaded Phase 2 results from v11_tsplib_phase2_comprehensive_results.json

================================================================================
PHASE 3: REMAINING INSTANCES
================================================================================

============================================================
Processing instance: lin318
============================================================
  File: data/tsplib/lin318.tsp
  Optimal: 42029
  Seeds: 2
  Timeouts: v11=180s, OR-Tools=120s
✓ Parsed lin318: 318 nodes, optimal=42029
  ✓ Parsed lin318: 318 nodes, optimal=42029
  Seed 1/2: Optimized v11: n=318, tour_length=44683.00, runtime=10.913s
Traceback (most recent call last):
  File "/data/workspace/evovera/phase3_remaining_fixed2.py", line 123, in <module>
    tour = [int(node) for node in tour]
            ^^^^^^^^^
TypeError: int() argument must be a string, a bytes-like object or a real number, not 'list'
